[debug] [2025-02-01T21:21:57.152Z] ----------------------------------------------------------------------
[debug] [2025-02-01T21:21:57.154Z] Command:       C:\Program Files\nodejs\node.exe C:\Users\david\AppData\Roaming\npm\node_modules\firebase-tools\lib\bin\firebase.js deploy --only functions:sendSmsOnEventChange
[debug] [2025-02-01T21:21:57.154Z] CLI Version:   13.29.3
[debug] [2025-02-01T21:21:57.154Z] Platform:      win32
[debug] [2025-02-01T21:21:57.154Z] Node Version:  v20.11.1
[debug] [2025-02-01T21:21:57.154Z] Time:          Sat Feb 01 2025 23:21:57 GMT+0200 (Israel Standard Time)
[debug] [2025-02-01T21:21:57.154Z] ----------------------------------------------------------------------
[debug] 
[debug] [2025-02-01T21:21:57.300Z] > command requires scopes: ["email","openid","https://www.googleapis.com/auth/cloudplatformprojects.readonly","https://www.googleapis.com/auth/firebase","https://www.googleapis.com/auth/cloud-platform"]
[debug] [2025-02-01T21:21:57.300Z] > authorizing via signed-in user (davidrek@gmail.com)
[debug] [2025-02-01T21:21:57.300Z] [iam] checking project dr-snap-4713d for permissions ["cloudfunctions.functions.create","cloudfunctions.functions.delete","cloudfunctions.functions.get","cloudfunctions.functions.list","cloudfunctions.functions.update","cloudfunctions.operations.get","firebase.projects.get"]
[debug] [2025-02-01T21:21:57.301Z] Checked if tokens are valid: true, expires at: 1738446168717
[debug] [2025-02-01T21:21:57.301Z] Checked if tokens are valid: true, expires at: 1738446168717
[debug] [2025-02-01T21:21:57.302Z] >>> [apiv2][query] POST https://cloudresourcemanager.googleapis.com/v1/projects/dr-snap-4713d:testIamPermissions [none]
[debug] [2025-02-01T21:21:57.302Z] >>> [apiv2][(partial)header] POST https://cloudresourcemanager.googleapis.com/v1/projects/dr-snap-4713d:testIamPermissions x-goog-quota-user=projects/dr-snap-4713d
[debug] [2025-02-01T21:21:57.302Z] >>> [apiv2][body] POST https://cloudresourcemanager.googleapis.com/v1/projects/dr-snap-4713d:testIamPermissions {"permissions":["cloudfunctions.functions.create","cloudfunctions.functions.delete","cloudfunctions.functions.get","cloudfunctions.functions.list","cloudfunctions.functions.update","cloudfunctions.operations.get","firebase.projects.get"]}
[debug] [2025-02-01T21:21:58.323Z] <<< [apiv2][status] POST https://cloudresourcemanager.googleapis.com/v1/projects/dr-snap-4713d:testIamPermissions 200
[debug] [2025-02-01T21:21:58.323Z] <<< [apiv2][body] POST https://cloudresourcemanager.googleapis.com/v1/projects/dr-snap-4713d:testIamPermissions {"permissions":["cloudfunctions.functions.create","cloudfunctions.functions.delete","cloudfunctions.functions.get","cloudfunctions.functions.list","cloudfunctions.functions.update","cloudfunctions.operations.get","firebase.projects.get"]}
[debug] [2025-02-01T21:21:58.324Z] Checked if tokens are valid: true, expires at: 1738446168717
[debug] [2025-02-01T21:21:58.324Z] Checked if tokens are valid: true, expires at: 1738446168717
[debug] [2025-02-01T21:21:58.324Z] >>> [apiv2][query] POST https://iam.googleapis.com/v1/projects/dr-snap-4713d/serviceAccounts/dr-snap-4713d@appspot.gserviceaccount.com:testIamPermissions [none]
[debug] [2025-02-01T21:21:58.324Z] >>> [apiv2][body] POST https://iam.googleapis.com/v1/projects/dr-snap-4713d/serviceAccounts/dr-snap-4713d@appspot.gserviceaccount.com:testIamPermissions {"permissions":["iam.serviceAccounts.actAs"]}
[debug] [2025-02-01T21:21:59.672Z] <<< [apiv2][status] POST https://iam.googleapis.com/v1/projects/dr-snap-4713d/serviceAccounts/dr-snap-4713d@appspot.gserviceaccount.com:testIamPermissions 200
[debug] [2025-02-01T21:21:59.672Z] <<< [apiv2][body] POST https://iam.googleapis.com/v1/projects/dr-snap-4713d/serviceAccounts/dr-snap-4713d@appspot.gserviceaccount.com:testIamPermissions {"permissions":["iam.serviceAccounts.actAs"]}
[info] 
[info] === Deploying to 'dr-snap-4713d'...
[info] 
[info] i  deploying functions 
[debug] [2025-02-01T21:21:59.679Z] Checked if tokens are valid: true, expires at: 1738446168717
[debug] [2025-02-01T21:21:59.679Z] Checked if tokens are valid: true, expires at: 1738446168717
[debug] [2025-02-01T21:21:59.679Z] >>> [apiv2][query] GET https://cloudresourcemanager.googleapis.com/v1/projects/dr-snap-4713d [none]
[debug] [2025-02-01T21:21:59.915Z] <<< [apiv2][status] GET https://cloudresourcemanager.googleapis.com/v1/projects/dr-snap-4713d 200
[debug] [2025-02-01T21:21:59.915Z] <<< [apiv2][body] GET https://cloudresourcemanager.googleapis.com/v1/projects/dr-snap-4713d {"projectNumber":"895357261382","projectId":"dr-snap-4713d","lifecycleState":"ACTIVE","name":"DR-SNAP","labels":{"firebase":"enabled","firebase-core":"disabled"},"createTime":"2025-01-21T17:47:03.540994Z"}
[info] i  functions: preparing codebase default for deployment 
[info] i  functions: ensuring required API cloudfunctions.googleapis.com is enabled... 
[debug] [2025-02-01T21:21:59.919Z] Checked if tokens are valid: true, expires at: 1738446168717
[debug] [2025-02-01T21:21:59.919Z] Checked if tokens are valid: true, expires at: 1738446168717
[debug] [2025-02-01T21:21:59.919Z] Checked if tokens are valid: true, expires at: 1738446168717
[debug] [2025-02-01T21:21:59.919Z] Checked if tokens are valid: true, expires at: 1738446168717
[info] i  functions: ensuring required API cloudbuild.googleapis.com is enabled... 
[debug] [2025-02-01T21:21:59.921Z] Checked if tokens are valid: true, expires at: 1738446168717
[debug] [2025-02-01T21:21:59.921Z] Checked if tokens are valid: true, expires at: 1738446168717
[info] i  artifactregistry: ensuring required API artifactregistry.googleapis.com is enabled... 
[debug] [2025-02-01T21:21:59.922Z] Checked if tokens are valid: true, expires at: 1738446168717
[debug] [2025-02-01T21:21:59.922Z] Checked if tokens are valid: true, expires at: 1738446168717
[debug] [2025-02-01T21:21:59.922Z] >>> [apiv2][query] GET https://serviceusage.googleapis.com/v1/projects/dr-snap-4713d/services/cloudfunctions.googleapis.com [none]
[debug] [2025-02-01T21:21:59.922Z] >>> [apiv2][(partial)header] GET https://serviceusage.googleapis.com/v1/projects/dr-snap-4713d/services/cloudfunctions.googleapis.com x-goog-quota-user=projects/dr-snap-4713d
[debug] [2025-02-01T21:21:59.924Z] >>> [apiv2][query] GET https://serviceusage.googleapis.com/v1/projects/dr-snap-4713d/services/runtimeconfig.googleapis.com [none]
[debug] [2025-02-01T21:21:59.924Z] >>> [apiv2][(partial)header] GET https://serviceusage.googleapis.com/v1/projects/dr-snap-4713d/services/runtimeconfig.googleapis.com x-goog-quota-user=projects/dr-snap-4713d
[debug] [2025-02-01T21:21:59.926Z] >>> [apiv2][query] GET https://serviceusage.googleapis.com/v1/projects/dr-snap-4713d/services/cloudbuild.googleapis.com [none]
[debug] [2025-02-01T21:21:59.926Z] >>> [apiv2][(partial)header] GET https://serviceusage.googleapis.com/v1/projects/dr-snap-4713d/services/cloudbuild.googleapis.com x-goog-quota-user=projects/dr-snap-4713d
[debug] [2025-02-01T21:21:59.928Z] >>> [apiv2][query] GET https://serviceusage.googleapis.com/v1/projects/dr-snap-4713d/services/artifactregistry.googleapis.com [none]
[debug] [2025-02-01T21:21:59.928Z] >>> [apiv2][(partial)header] GET https://serviceusage.googleapis.com/v1/projects/dr-snap-4713d/services/artifactregistry.googleapis.com x-goog-quota-user=projects/dr-snap-4713d
[debug] [2025-02-01T21:22:01.070Z] <<< [apiv2][status] GET https://serviceusage.googleapis.com/v1/projects/dr-snap-4713d/services/runtimeconfig.googleapis.com 200
[debug] [2025-02-01T21:22:01.070Z] <<< [apiv2][body] GET https://serviceusage.googleapis.com/v1/projects/dr-snap-4713d/services/runtimeconfig.googleapis.com [omitted]
[debug] [2025-02-01T21:22:01.079Z] <<< [apiv2][status] GET https://serviceusage.googleapis.com/v1/projects/dr-snap-4713d/services/artifactregistry.googleapis.com 200
[debug] [2025-02-01T21:22:01.079Z] <<< [apiv2][body] GET https://serviceusage.googleapis.com/v1/projects/dr-snap-4713d/services/artifactregistry.googleapis.com [omitted]
[info] +  artifactregistry: required API artifactregistry.googleapis.com is enabled 
[debug] [2025-02-01T21:22:01.098Z] <<< [apiv2][status] GET https://serviceusage.googleapis.com/v1/projects/dr-snap-4713d/services/cloudfunctions.googleapis.com 200
[debug] [2025-02-01T21:22:01.098Z] <<< [apiv2][body] GET https://serviceusage.googleapis.com/v1/projects/dr-snap-4713d/services/cloudfunctions.googleapis.com [omitted]
[info] +  functions: required API cloudfunctions.googleapis.com is enabled 
[debug] [2025-02-01T21:22:01.102Z] <<< [apiv2][status] GET https://serviceusage.googleapis.com/v1/projects/dr-snap-4713d/services/cloudbuild.googleapis.com 200
[debug] [2025-02-01T21:22:01.102Z] <<< [apiv2][body] GET https://serviceusage.googleapis.com/v1/projects/dr-snap-4713d/services/cloudbuild.googleapis.com [omitted]
[info] +  functions: required API cloudbuild.googleapis.com is enabled 
[debug] [2025-02-01T21:22:01.102Z] Checked if tokens are valid: true, expires at: 1738446168717
[debug] [2025-02-01T21:22:01.102Z] Checked if tokens are valid: true, expires at: 1738446168717
[debug] [2025-02-01T21:22:01.103Z] >>> [apiv2][query] GET https://firebase.googleapis.com/v1beta1/projects/dr-snap-4713d/adminSdkConfig [none]
[debug] [2025-02-01T21:22:01.699Z] <<< [apiv2][status] GET https://firebase.googleapis.com/v1beta1/projects/dr-snap-4713d/adminSdkConfig 200
[debug] [2025-02-01T21:22:01.700Z] <<< [apiv2][body] GET https://firebase.googleapis.com/v1beta1/projects/dr-snap-4713d/adminSdkConfig {"projectId":"dr-snap-4713d","storageBucket":"dr-snap-4713d.firebasestorage.app"}
[debug] [2025-02-01T21:22:01.701Z] Checked if tokens are valid: true, expires at: 1738446168717
[debug] [2025-02-01T21:22:01.701Z] Checked if tokens are valid: true, expires at: 1738446168717
[debug] [2025-02-01T21:22:01.701Z] >>> [apiv2][query] GET https://runtimeconfig.googleapis.com/v1beta1/projects/dr-snap-4713d/configs [none]
[debug] [2025-02-01T21:22:02.077Z] <<< [apiv2][status] GET https://runtimeconfig.googleapis.com/v1beta1/projects/dr-snap-4713d/configs 200
[debug] [2025-02-01T21:22:02.077Z] <<< [apiv2][body] GET https://runtimeconfig.googleapis.com/v1beta1/projects/dr-snap-4713d/configs {}
[debug] [2025-02-01T21:22:02.080Z] Validating nodejs source
[debug] [2025-02-01T21:22:03.230Z] > [functions] package.json contents: {
  "name": "functions",
  "description": "Cloud Functions for Firebase",
  "scripts": {
    "serve": "firebase emulators:start --only functions",
    "shell": "firebase functions:shell",
    "start": "npm run shell",
    "deploy": "firebase deploy --only functions",
    "logs": "firebase functions:log"
  },
  "engines": {
    "node": "22"
  },
  "main": "index.js",
  "dependencies": {
    "firebase-admin": "^12.6.0",
    "firebase-functions": "^6.0.1",
    "axios": "^1.7.9"
  },
  "devDependencies": {
    "firebase-functions-test": "^3.1.0"
  },
  "private": true
}
[debug] [2025-02-01T21:22:03.231Z] Building nodejs source
[info] i  functions: Loading and analyzing source code for codebase default to determine what to deploy 
[debug] [2025-02-01T21:22:03.232Z] Could not find functions.yaml. Must use http discovery
[debug] [2025-02-01T21:22:03.239Z] Found firebase-functions binary at 'C:\Users\david\source\repos\snapper\functions\node_modules\.bin\firebase-functions'
[info] Serving at port 8243

[debug] [2025-02-01T21:22:03.594Z] Got response from /__/functions.yaml {"endpoints":{"sendSmsOnEventChange":{"availableMemoryMb":null,"timeoutSeconds":null,"minInstances":null,"maxInstances":null,"ingressSettings":null,"concurrency":null,"serviceAccountEmail":null,"vpc":null,"platform":"gcfv2","labels":{},"eventTrigger":{"eventType":"google.cloud.firestore.document.v1.written","eventFilters":{"database":"(default)","namespace":"(default)"},"eventFilterPathPatterns":{"document":"events/{eventId}"},"retry":false},"entryPoint":"sendSmsOnEventChange"}},"specVersion":"v1alpha1","requiredAPIs":[],"extensions":{}}
[info] i  extensions: ensuring required API firebaseextensions.googleapis.com is enabled... 
[debug] [2025-02-01T21:22:08.632Z] Checked if tokens are valid: true, expires at: 1738446168717
[debug] [2025-02-01T21:22:08.632Z] Checked if tokens are valid: true, expires at: 1738446168717
[debug] [2025-02-01T21:22:08.632Z] >>> [apiv2][query] GET https://serviceusage.googleapis.com/v1/projects/dr-snap-4713d/services/firebaseextensions.googleapis.com [none]
[debug] [2025-02-01T21:22:08.632Z] >>> [apiv2][(partial)header] GET https://serviceusage.googleapis.com/v1/projects/dr-snap-4713d/services/firebaseextensions.googleapis.com x-goog-quota-user=projects/dr-snap-4713d
[debug] [2025-02-01T21:22:09.809Z] <<< [apiv2][status] GET https://serviceusage.googleapis.com/v1/projects/dr-snap-4713d/services/firebaseextensions.googleapis.com 200
[debug] [2025-02-01T21:22:09.809Z] <<< [apiv2][body] GET https://serviceusage.googleapis.com/v1/projects/dr-snap-4713d/services/firebaseextensions.googleapis.com [omitted]
[info] +  extensions: required API firebaseextensions.googleapis.com is enabled 
[debug] [2025-02-01T21:22:09.810Z] > command requires scopes: ["email","openid","https://www.googleapis.com/auth/cloudplatformprojects.readonly","https://www.googleapis.com/auth/firebase","https://www.googleapis.com/auth/cloud-platform"]
[debug] [2025-02-01T21:22:09.810Z] > authorizing via signed-in user (davidrek@gmail.com)
[debug] [2025-02-01T21:22:09.811Z] [iam] checking project dr-snap-4713d for permissions ["firebase.projects.get","firebaseextensions.instances.list"]
[debug] [2025-02-01T21:22:09.811Z] Checked if tokens are valid: true, expires at: 1738446168717
[debug] [2025-02-01T21:22:09.811Z] Checked if tokens are valid: true, expires at: 1738446168717
[debug] [2025-02-01T21:22:09.811Z] >>> [apiv2][query] POST https://cloudresourcemanager.googleapis.com/v1/projects/dr-snap-4713d:testIamPermissions [none]
[debug] [2025-02-01T21:22:09.811Z] >>> [apiv2][(partial)header] POST https://cloudresourcemanager.googleapis.com/v1/projects/dr-snap-4713d:testIamPermissions x-goog-quota-user=projects/dr-snap-4713d
[debug] [2025-02-01T21:22:09.811Z] >>> [apiv2][body] POST https://cloudresourcemanager.googleapis.com/v1/projects/dr-snap-4713d:testIamPermissions {"permissions":["firebase.projects.get","firebaseextensions.instances.list"]}
[debug] [2025-02-01T21:22:11.044Z] <<< [apiv2][status] POST https://cloudresourcemanager.googleapis.com/v1/projects/dr-snap-4713d:testIamPermissions 200
[debug] [2025-02-01T21:22:11.045Z] <<< [apiv2][body] POST https://cloudresourcemanager.googleapis.com/v1/projects/dr-snap-4713d:testIamPermissions {"permissions":["firebase.projects.get","firebaseextensions.instances.list"]}
[debug] [2025-02-01T21:22:11.046Z] Checked if tokens are valid: true, expires at: 1738446168717
[debug] [2025-02-01T21:22:11.046Z] Checked if tokens are valid: true, expires at: 1738446168717
[debug] [2025-02-01T21:22:11.047Z] >>> [apiv2][query] GET https://firebaseextensions.googleapis.com/v1beta/projects/dr-snap-4713d/instances pageSize=100&pageToken=
[debug] [2025-02-01T21:22:12.371Z] <<< [apiv2][status] GET https://firebaseextensions.googleapis.com/v1beta/projects/dr-snap-4713d/instances 200
[debug] [2025-02-01T21:22:12.371Z] <<< [apiv2][body] GET https://firebaseextensions.googleapis.com/v1beta/projects/dr-snap-4713d/instances {}
[info] i  functions: preparing functions directory for uploading... 
[info] i  functions: packaged C:\Users\david\source\repos\snapper\functions (61.18 KB) for uploading 
[debug] [2025-02-01T21:22:12.422Z] Checked if tokens are valid: true, expires at: 1738446168717
[debug] [2025-02-01T21:22:12.422Z] Checked if tokens are valid: true, expires at: 1738446168717
[debug] [2025-02-01T21:22:12.423Z] >>> [apiv2][query] GET https://cloudfunctions.googleapis.com/v1/projects/dr-snap-4713d/locations/-/functions [none]
[debug] [2025-02-01T21:22:13.376Z] <<< [apiv2][status] GET https://cloudfunctions.googleapis.com/v1/projects/dr-snap-4713d/locations/-/functions 200
[debug] [2025-02-01T21:22:13.376Z] <<< [apiv2][body] GET https://cloudfunctions.googleapis.com/v1/projects/dr-snap-4713d/locations/-/functions {}
[debug] [2025-02-01T21:22:13.377Z] Checked if tokens are valid: true, expires at: 1738446168717
[debug] [2025-02-01T21:22:13.377Z] Checked if tokens are valid: true, expires at: 1738446168717
[debug] [2025-02-01T21:22:13.377Z] >>> [apiv2][query] GET https://cloudfunctions.googleapis.com/v2/projects/dr-snap-4713d/locations/-/functions filter=environment%3D%22GEN_2%22
[debug] [2025-02-01T21:22:14.377Z] <<< [apiv2][status] GET https://cloudfunctions.googleapis.com/v2/projects/dr-snap-4713d/locations/-/functions 200
[debug] [2025-02-01T21:22:14.378Z] <<< [apiv2][body] GET https://cloudfunctions.googleapis.com/v2/projects/dr-snap-4713d/locations/-/functions {}
[debug] [2025-02-01T21:22:14.379Z] Checked if tokens are valid: true, expires at: 1738446168717
[debug] [2025-02-01T21:22:14.380Z] Checked if tokens are valid: true, expires at: 1738446168717
[debug] [2025-02-01T21:22:14.380Z] >>> [apiv2][query] GET https://firestore.googleapis.com/v1/projects/dr-snap-4713d/databases/(default) [none]
[debug] [2025-02-01T21:22:14.904Z] <<< [apiv2][status] GET https://firestore.googleapis.com/v1/projects/dr-snap-4713d/databases/(default) 200
[debug] [2025-02-01T21:22:14.904Z] <<< [apiv2][body] GET https://firestore.googleapis.com/v1/projects/dr-snap-4713d/databases/(default) {"name":"projects/dr-snap-4713d/databases/(default)","uid":"bdb4d51e-a105-4dd5-8e06-b06cdebc86f6","createTime":"2025-01-21T17:53:23.173005Z","updateTime":"2025-01-21T17:53:23.173005Z","locationId":"nam5","type":"FIRESTORE_NATIVE","concurrencyMode":"PESSIMISTIC","versionRetentionPeriod":"3600s","earliestVersionTime":"2025-02-01T20:22:14.901814Z","appEngineIntegrationMode":"DISABLED","keyPrefix":"s","pointInTimeRecoveryEnablement":"POINT_IN_TIME_RECOVERY_DISABLED","deleteProtectionState":"DELETE_PROTECTION_DISABLED","databaseEdition":"STANDARD","etag":"IPrbuYa0o4sDMMnS5f/Uh4sD"}
[info] i  functions: ensuring required API run.googleapis.com is enabled... 
[debug] [2025-02-01T21:22:14.907Z] Checked if tokens are valid: true, expires at: 1738446168717
[debug] [2025-02-01T21:22:14.907Z] Checked if tokens are valid: true, expires at: 1738446168717
[info] i  functions: ensuring required API eventarc.googleapis.com is enabled... 
[debug] [2025-02-01T21:22:14.908Z] Checked if tokens are valid: true, expires at: 1738446168717
[debug] [2025-02-01T21:22:14.909Z] Checked if tokens are valid: true, expires at: 1738446168717
[info] i  functions: ensuring required API pubsub.googleapis.com is enabled... 
[debug] [2025-02-01T21:22:14.910Z] Checked if tokens are valid: true, expires at: 1738446168717
[debug] [2025-02-01T21:22:14.910Z] Checked if tokens are valid: true, expires at: 1738446168717
[info] i  functions: ensuring required API storage.googleapis.com is enabled... 
[debug] [2025-02-01T21:22:14.911Z] Checked if tokens are valid: true, expires at: 1738446168717
[debug] [2025-02-01T21:22:14.911Z] Checked if tokens are valid: true, expires at: 1738446168717
[debug] [2025-02-01T21:22:14.911Z] >>> [apiv2][query] GET https://serviceusage.googleapis.com/v1/projects/dr-snap-4713d/services/run.googleapis.com [none]
[debug] [2025-02-01T21:22:14.911Z] >>> [apiv2][(partial)header] GET https://serviceusage.googleapis.com/v1/projects/dr-snap-4713d/services/run.googleapis.com x-goog-quota-user=projects/dr-snap-4713d
[debug] [2025-02-01T21:22:14.914Z] >>> [apiv2][query] GET https://serviceusage.googleapis.com/v1/projects/dr-snap-4713d/services/eventarc.googleapis.com [none]
[debug] [2025-02-01T21:22:14.914Z] >>> [apiv2][(partial)header] GET https://serviceusage.googleapis.com/v1/projects/dr-snap-4713d/services/eventarc.googleapis.com x-goog-quota-user=projects/dr-snap-4713d
[debug] [2025-02-01T21:22:14.917Z] >>> [apiv2][query] GET https://serviceusage.googleapis.com/v1/projects/dr-snap-4713d/services/pubsub.googleapis.com [none]
[debug] [2025-02-01T21:22:14.917Z] >>> [apiv2][(partial)header] GET https://serviceusage.googleapis.com/v1/projects/dr-snap-4713d/services/pubsub.googleapis.com x-goog-quota-user=projects/dr-snap-4713d
[debug] [2025-02-01T21:22:14.919Z] >>> [apiv2][query] GET https://serviceusage.googleapis.com/v1/projects/dr-snap-4713d/services/storage.googleapis.com [none]
[debug] [2025-02-01T21:22:14.919Z] >>> [apiv2][(partial)header] GET https://serviceusage.googleapis.com/v1/projects/dr-snap-4713d/services/storage.googleapis.com x-goog-quota-user=projects/dr-snap-4713d
[debug] [2025-02-01T21:22:16.048Z] <<< [apiv2][status] GET https://serviceusage.googleapis.com/v1/projects/dr-snap-4713d/services/eventarc.googleapis.com 200
[debug] [2025-02-01T21:22:16.048Z] <<< [apiv2][body] GET https://serviceusage.googleapis.com/v1/projects/dr-snap-4713d/services/eventarc.googleapis.com [omitted]
[info] +  functions: required API eventarc.googleapis.com is enabled 
[debug] [2025-02-01T21:22:16.088Z] <<< [apiv2][status] GET https://serviceusage.googleapis.com/v1/projects/dr-snap-4713d/services/pubsub.googleapis.com 200
[debug] [2025-02-01T21:22:16.088Z] <<< [apiv2][body] GET https://serviceusage.googleapis.com/v1/projects/dr-snap-4713d/services/pubsub.googleapis.com [omitted]
[info] +  functions: required API pubsub.googleapis.com is enabled 
[debug] [2025-02-01T21:22:16.094Z] <<< [apiv2][status] GET https://serviceusage.googleapis.com/v1/projects/dr-snap-4713d/services/run.googleapis.com 200
[debug] [2025-02-01T21:22:16.094Z] <<< [apiv2][body] GET https://serviceusage.googleapis.com/v1/projects/dr-snap-4713d/services/run.googleapis.com [omitted]
[info] +  functions: required API run.googleapis.com is enabled 
[debug] [2025-02-01T21:22:16.099Z] <<< [apiv2][status] GET https://serviceusage.googleapis.com/v1/projects/dr-snap-4713d/services/storage.googleapis.com 200
[debug] [2025-02-01T21:22:16.099Z] <<< [apiv2][body] GET https://serviceusage.googleapis.com/v1/projects/dr-snap-4713d/services/storage.googleapis.com [omitted]
[info] +  functions: required API storage.googleapis.com is enabled 
[info] i  functions: generating the service identity for pubsub.googleapis.com... 
[debug] [2025-02-01T21:22:16.100Z] Checked if tokens are valid: true, expires at: 1738446168717
[debug] [2025-02-01T21:22:16.100Z] Checked if tokens are valid: true, expires at: 1738446168717
[info] i  functions: generating the service identity for eventarc.googleapis.com... 
[debug] [2025-02-01T21:22:16.101Z] Checked if tokens are valid: true, expires at: 1738446168717
[debug] [2025-02-01T21:22:16.101Z] Checked if tokens are valid: true, expires at: 1738446168717
[debug] [2025-02-01T21:22:16.101Z] >>> [apiv2][query] POST https://serviceusage.googleapis.com/v1beta1/projects/895357261382/services/pubsub.googleapis.com:generateServiceIdentity [none]
[debug] [2025-02-01T21:22:16.101Z] >>> [apiv2][query] POST https://serviceusage.googleapis.com/v1beta1/projects/895357261382/services/eventarc.googleapis.com:generateServiceIdentity [none]
[debug] [2025-02-01T21:22:17.205Z] <<< [apiv2][status] POST https://serviceusage.googleapis.com/v1beta1/projects/895357261382/services/eventarc.googleapis.com:generateServiceIdentity 200
[debug] [2025-02-01T21:22:17.205Z] <<< [apiv2][body] POST https://serviceusage.googleapis.com/v1beta1/projects/895357261382/services/eventarc.googleapis.com:generateServiceIdentity {"name":"operations/finished.DONE_OPERATION","done":true,"response":{"@type":"type.googleapis.com/google.api.serviceusage.v1beta1.ServiceIdentity","email":"service-895357261382@gcp-sa-eventarc.iam.gserviceaccount.com","uniqueId":"107050960704659885800"}}
[debug] [2025-02-01T21:22:17.215Z] <<< [apiv2][status] POST https://serviceusage.googleapis.com/v1beta1/projects/895357261382/services/pubsub.googleapis.com:generateServiceIdentity 200
[debug] [2025-02-01T21:22:17.215Z] <<< [apiv2][body] POST https://serviceusage.googleapis.com/v1beta1/projects/895357261382/services/pubsub.googleapis.com:generateServiceIdentity {"name":"operations/finished.DONE_OPERATION","done":true,"response":{"@type":"type.googleapis.com/google.api.serviceusage.v1beta1.ServiceIdentity","email":"service-895357261382@gcp-sa-pubsub.iam.gserviceaccount.com","uniqueId":"101292163238454809175"}}
[debug] [2025-02-01T21:22:17.218Z] Checked if tokens are valid: true, expires at: 1738446168717
[debug] [2025-02-01T21:22:17.218Z] Checked if tokens are valid: true, expires at: 1738446168717
[debug] [2025-02-01T21:22:17.218Z] >>> [apiv2][query] POST https://cloudresourcemanager.googleapis.com/v1/projects/895357261382:getIamPolicy [none]
[debug] [2025-02-01T21:22:18.322Z] <<< [apiv2][status] POST https://cloudresourcemanager.googleapis.com/v1/projects/895357261382:getIamPolicy 200
[debug] [2025-02-01T21:22:18.322Z] <<< [apiv2][body] POST https://cloudresourcemanager.googleapis.com/v1/projects/895357261382:getIamPolicy {"version":1,"etag":"BwYtGvFGocQ=","bindings":[{"role":"roles/artifactregistry.serviceAgent","members":["serviceAccount:895357261382-compute@developer.gserviceaccount.com","serviceAccount:service-895357261382@gcp-sa-artifactregistry.iam.gserviceaccount.com"]},{"role":"roles/cloudbuild.builds.builder","members":["serviceAccount:895357261382-compute@developer.gserviceaccount.com","serviceAccount:895357261382@cloudbuild.gserviceaccount.com"]},{"role":"roles/cloudbuild.serviceAgent","members":["serviceAccount:service-895357261382@gcp-sa-cloudbuild.iam.gserviceaccount.com"]},{"role":"roles/cloudfunctions.admin","members":["serviceAccount:firebase-adminsdk-fbsvc@dr-snap-4713d.iam.gserviceaccount.com"]},{"role":"roles/cloudfunctions.developer","members":["serviceAccount:895357261382-compute@developer.gserviceaccount.com"]},{"role":"roles/cloudfunctions.invoker","members":["serviceAccount:895357261382-compute@developer.gserviceaccount.com"]},{"role":"roles/cloudfunctions.serviceAgent","members":["serviceAccount:service-895357261382@gcf-admin-robot.iam.gserviceaccount.com"]},{"role":"roles/containerregistry.ServiceAgent","members":["serviceAccount:service-895357261382@containerregistry.iam.gserviceaccount.com"]},{"role":"roles/editor","members":["serviceAccount:895357261382@cloudservices.gserviceaccount.com","serviceAccount:dr-snap-4713d@appspot.gserviceaccount.com"]},{"role":"roles/eventarc.eventReceiver","members":["serviceAccount:895357261382-compute@developer.gserviceaccount.com"]},{"role":"roles/eventarc.serviceAgent","members":["serviceAccount:service-895357261382@gcp-sa-eventarc.iam.gserviceaccount.com"]},{"role":"roles/firebase.managementServiceAgent","members":["serviceAccount:service-895357261382@gcp-sa-firebase.iam.gserviceaccount.com"]},{"role":"roles/firebase.sdkAdminServiceAgent","members":["serviceAccount:firebase-adminsdk-fbsvc@dr-snap-4713d.iam.gserviceaccount.com"]},{"role":"roles/firebaseauth.admin","members":["serviceAccount:firebase-adminsdk-fbsvc@dr-snap-4713d.iam.gserviceaccount.com"]},{"role":"roles/firebasemods.serviceAgent","members":["serviceAccount:service-895357261382@gcp-sa-firebasemods.iam.gserviceaccount.com"]},{"role":"roles/firebaserules.system","members":["serviceAccount:service-895357261382@firebase-rules.iam.gserviceaccount.com"]},{"role":"roles/firebasestorage.serviceAgent","members":["serviceAccount:895357261382-compute@developer.gserviceaccount.com","serviceAccount:service-895357261382@gcp-sa-firebasestorage.iam.gserviceaccount.com"]},{"role":"roles/firestore.serviceAgent","members":["serviceAccount:service-895357261382@gcp-sa-firestore.iam.gserviceaccount.com"]},{"role":"roles/iam.serviceAccountTokenCreator","members":["serviceAccount:firebase-adminsdk-fbsvc@dr-snap-4713d.iam.gserviceaccount.com","serviceAccount:service-895357261382@gcp-sa-pubsub.iam.gserviceaccount.com"]},{"role":"roles/logging.logWriter","members":["serviceAccount:895357261382-compute@developer.gserviceaccount.com"]},{"role":"roles/owner","members":["user:davidrek@gmail.com","user:roigerberk@gmail.com"]},{"role":"roles/pubsub.admin","members":["serviceAccount:895357261382-compute@developer.gserviceaccount.com"]},{"role":"roles/run.invoker","members":["serviceAccount:895357261382-compute@developer.gserviceaccount.com"]},{"role":"roles/run.serviceAgent","members":["serviceAccount:service-895357261382@serverless-robot-prod.iam.gserviceaccount.com"]},{"role":"roles/storage.admin","members":["serviceAccount:firebase-adminsdk-fbsvc@dr-snap-4713d.iam.gserviceaccount.com"]},{"role":"roles/storage.objectViewer","members":["serviceAccount:895357261382-compute@developer.gserviceaccount.com"]}]}
[debug] [2025-02-01T21:22:18.323Z] Checked if tokens are valid: true, expires at: 1738446168717
[debug] [2025-02-01T21:22:18.323Z] Checked if tokens are valid: true, expires at: 1738446168717
[debug] [2025-02-01T21:22:18.324Z] >>> [apiv2][query] GET https://cloudresourcemanager.googleapis.com/v1/projects/dr-snap-4713d [none]
[debug] [2025-02-01T21:22:18.526Z] <<< [apiv2][status] GET https://cloudresourcemanager.googleapis.com/v1/projects/dr-snap-4713d 200
[debug] [2025-02-01T21:22:18.526Z] <<< [apiv2][body] GET https://cloudresourcemanager.googleapis.com/v1/projects/dr-snap-4713d {"projectNumber":"895357261382","projectId":"dr-snap-4713d","lifecycleState":"ACTIVE","name":"DR-SNAP","labels":{"firebase":"enabled","firebase-core":"disabled"},"createTime":"2025-01-21T17:47:03.540994Z"}
[debug] [2025-02-01T21:22:18.527Z] Checked if tokens are valid: true, expires at: 1738446168717
[debug] [2025-02-01T21:22:18.527Z] Checked if tokens are valid: true, expires at: 1738446168717
[debug] [2025-02-01T21:22:18.527Z] >>> [apiv2][query] GET https://cloudbilling.googleapis.com/v1/projects/dr-snap-4713d/billingInfo [none]
[debug] [2025-02-01T21:22:19.402Z] <<< [apiv2][status] GET https://cloudbilling.googleapis.com/v1/projects/dr-snap-4713d/billingInfo 200
[debug] [2025-02-01T21:22:19.402Z] <<< [apiv2][body] GET https://cloudbilling.googleapis.com/v1/projects/dr-snap-4713d/billingInfo {"name":"projects/dr-snap-4713d/billingInfo","projectId":"dr-snap-4713d","billingAccountName":"billingAccounts/0129E3-3AD502-8800B5","billingEnabled":true}
[debug] [2025-02-01T21:22:19.405Z] Checked if tokens are valid: true, expires at: 1738446168717
[debug] [2025-02-01T21:22:19.405Z] Checked if tokens are valid: true, expires at: 1738446168717
[debug] [2025-02-01T21:22:19.405Z] >>> [apiv2][query] POST https://cloudfunctions.googleapis.com/v2/projects/dr-snap-4713d/locations/us-central1/functions:generateUploadUrl [none]
[debug] [2025-02-01T21:22:20.289Z] <<< [apiv2][status] POST https://cloudfunctions.googleapis.com/v2/projects/dr-snap-4713d/locations/us-central1/functions:generateUploadUrl 200
[debug] [2025-02-01T21:22:20.289Z] <<< [apiv2][body] POST https://cloudfunctions.googleapis.com/v2/projects/dr-snap-4713d/locations/us-central1/functions:generateUploadUrl {"uploadUrl":"https://storage.googleapis.com/gcf-v2-uploads-895357261382.us-central1.cloudfunctions.appspot.com/7cfdfc13-3fcf-410a-9a31-f34093854564.zip?GoogleAccessId=service-895357261382@gcf-admin-robot.iam.gserviceaccount.com&Expires=1738446740&Signature=CJF5QMoJZknOyrHNwvqkeTRO8ubRvmB4FV2n63OftIUW0x0CfJVtRIY46bmJeicQ0bjNoTOcX83RdMhJgEVJ%2Bi1oYKYLsB37BFQo3FyhCMRHR1e%2B1O77DDTaMEmDxcLJVAgaAhBzXpicjKUBceyYpSGAe7wDF541EHpY9LxyuxxCbvpk9eJGXyINrZ1iM42RQoPgdDIsmQAVwhKhjkyPMsfbfG6JAeghBsNzm8iDe8oWK2Y1T1Ke96tul9fsKXT3Fo1qDsY53XcOEgNUbZOgjqF1XaiDZzW7sAgf82JofZGVHwcx14VzKzgUvRyxIkQgvMhIGXMGizM3J0owzyGFSA%3D%3D","storageSource":{"bucket":"gcf-v2-uploads-895357261382.us-central1.cloudfunctions.appspot.com","object":"7cfdfc13-3fcf-410a-9a31-f34093854564.zip"}}
[debug] [2025-02-01T21:22:20.292Z] >>> [apiv2][query] PUT https://storage.googleapis.com/gcf-v2-uploads-895357261382.us-central1.cloudfunctions.appspot.com/7cfdfc13-3fcf-410a-9a31-f34093854564.zip GoogleAccessId=service-895357261382%40gcf-admin-robot.iam.gserviceaccount.com&Expires=1738446740&Signature=CJF5QMoJZknOyrHNwvqkeTRO8ubRvmB4FV2n63OftIUW0x0CfJVtRIY46bmJeicQ0bjNoTOcX83RdMhJgEVJ%2Bi1oYKYLsB37BFQo3FyhCMRHR1e%2B1O77DDTaMEmDxcLJVAgaAhBzXpicjKUBceyYpSGAe7wDF541EHpY9LxyuxxCbvpk9eJGXyINrZ1iM42RQoPgdDIsmQAVwhKhjkyPMsfbfG6JAeghBsNzm8iDe8oWK2Y1T1Ke96tul9fsKXT3Fo1qDsY53XcOEgNUbZOgjqF1XaiDZzW7sAgf82JofZGVHwcx14VzKzgUvRyxIkQgvMhIGXMGizM3J0owzyGFSA%3D%3D
[debug] [2025-02-01T21:22:20.292Z] >>> [apiv2][body] PUT https://storage.googleapis.com/gcf-v2-uploads-895357261382.us-central1.cloudfunctions.appspot.com/7cfdfc13-3fcf-410a-9a31-f34093854564.zip [stream]
[debug] [2025-02-01T21:22:21.117Z] <<< [apiv2][status] PUT https://storage.googleapis.com/gcf-v2-uploads-895357261382.us-central1.cloudfunctions.appspot.com/7cfdfc13-3fcf-410a-9a31-f34093854564.zip 200
[debug] [2025-02-01T21:22:21.117Z] <<< [apiv2][body] PUT https://storage.googleapis.com/gcf-v2-uploads-895357261382.us-central1.cloudfunctions.appspot.com/7cfdfc13-3fcf-410a-9a31-f34093854564.zip [omitted]
[info] +  functions: functions folder uploaded successfully 
[info] i  functions: creating Node.js 22 (2nd Gen) function sendSmsOnEventChange(us-central1)... 
[debug] [2025-02-01T21:22:21.124Z] Checked if tokens are valid: true, expires at: 1738446168717
[debug] [2025-02-01T21:22:21.125Z] Checked if tokens are valid: true, expires at: 1738446168717
[debug] [2025-02-01T21:22:21.125Z] >>> [apiv2][query] POST https://cloudfunctions.googleapis.com/v2/projects/dr-snap-4713d/locations/us-central1/functions functionId=sendSmsOnEventChange
[debug] [2025-02-01T21:22:21.125Z] >>> [apiv2][body] POST https://cloudfunctions.googleapis.com/v2/projects/dr-snap-4713d/locations/us-central1/functions {"name":"projects/dr-snap-4713d/locations/us-central1/functions/sendSmsOnEventChange","buildConfig":{"runtime":"nodejs22","entryPoint":"sendSmsOnEventChange","source":{"storageSource":{"bucket":"gcf-v2-uploads-895357261382.us-central1.cloudfunctions.appspot.com","object":"7cfdfc13-3fcf-410a-9a31-f34093854564.zip"}},"environmentVariables":{"GOOGLE_NODE_RUN_SCRIPTS":""}},"serviceConfig":{"environmentVariables":{"FIREBASE_CONFIG":"{\"projectId\":\"dr-snap-4713d\",\"storageBucket\":\"dr-snap-4713d.firebasestorage.app\"}","GCLOUD_PROJECT":"dr-snap-4713d","EVENTARC_CLOUD_EVENT_SOURCE":"projects/dr-snap-4713d/locations/us-central1/services/sendSmsOnEventChange","FUNCTION_SIGNATURE_TYPE":"cloudevent","FUNCTION_TARGET":"sendSmsOnEventChange"},"ingressSettings":null,"timeoutSeconds":null,"serviceAccountEmail":null,"availableMemory":"256Mi","minInstanceCount":null,"maxInstanceCount":null,"maxInstanceRequestConcurrency":80,"availableCpu":"1","vpcConnector":null,"vpcConnectorEgressSettings":null},"labels":{"deployment-tool":"cli-firebase","firebase-functions-hash":"c22e3351459bc0bea9885f5a743eabb5a69ca288"},"eventTrigger":{"eventType":"google.cloud.firestore.document.v1.written","retryPolicy":"RETRY_POLICY_DO_NOT_RETRY","eventFilters":[{"attribute":"database","value":"(default)"},{"attribute":"namespace","value":"(default)"},{"attribute":"document","value":"events/{eventId}","operator":"match-path-pattern"}],"triggerRegion":"nam5"}}
[debug] [2025-02-01T21:22:22.913Z] <<< [apiv2][status] POST https://cloudfunctions.googleapis.com/v2/projects/dr-snap-4713d/locations/us-central1/functions 200
[debug] [2025-02-01T21:22:22.913Z] <<< [apiv2][body] POST https://cloudfunctions.googleapis.com/v2/projects/dr-snap-4713d/locations/us-central1/functions {"name":"projects/dr-snap-4713d/locations/us-central1/operations/operation-1738444941862-62d1b4138a6b9-06bbe8dd-250d409e","metadata":{"@type":"type.googleapis.com/google.cloud.functions.v2.OperationMetadata","createTime":"2025-02-01T21:22:22.871593914Z","target":"projects/dr-snap-4713d/locations/us-central1/functions/sendSmsOnEventChange","verb":"create","cancelRequested":false,"apiVersion":"v2"},"done":false}
[debug] [2025-02-01T21:22:22.914Z] Checked if tokens are valid: true, expires at: 1738446168717
[debug] [2025-02-01T21:22:22.914Z] Checked if tokens are valid: true, expires at: 1738446168717
[debug] [2025-02-01T21:22:22.914Z] >>> [apiv2][query] GET https://cloudfunctions.googleapis.com/v2/projects/dr-snap-4713d/locations/us-central1/operations/operation-1738444941862-62d1b4138a6b9-06bbe8dd-250d409e [none]
[debug] [2025-02-01T21:22:23.735Z] <<< [apiv2][status] GET https://cloudfunctions.googleapis.com/v2/projects/dr-snap-4713d/locations/us-central1/operations/operation-1738444941862-62d1b4138a6b9-06bbe8dd-250d409e 200
[debug] [2025-02-01T21:22:23.735Z] <<< [apiv2][body] GET https://cloudfunctions.googleapis.com/v2/projects/dr-snap-4713d/locations/us-central1/operations/operation-1738444941862-62d1b4138a6b9-06bbe8dd-250d409e {"name":"projects/dr-snap-4713d/locations/us-central1/operations/operation-1738444941862-62d1b4138a6b9-06bbe8dd-250d409e","metadata":{"@type":"type.googleapis.com/google.cloud.functions.v2.OperationMetadata","createTime":"2025-02-01T21:22:22.871593914Z","target":"projects/dr-snap-4713d/locations/us-central1/functions/sendSmsOnEventChange","verb":"create","cancelRequested":false,"apiVersion":"v2","requestResource":{"@type":"type.googleapis.com/google.cloud.functions.v2.Function","name":"projects/dr-snap-4713d/locations/us-central1/functions/sendSmsOnEventChange","buildConfig":{"runtime":"nodejs22","entryPoint":"sendSmsOnEventChange","source":{"storageSource":{"bucket":"gcf-v2-sources-895357261382-us-central1","object":"sendSmsOnEventChange/function-source.zip","generation":"1738444942110409"}},"environmentVariables":{"GOOGLE_NODE_RUN_SCRIPTS":""},"serviceAccount":"projects/dr-snap-4713d/serviceAccounts/895357261382-compute@developer.gserviceaccount.com","automaticUpdatePolicy":{}},"serviceConfig":{"service":"projects/dr-snap-4713d/locations/us-central1/services/sendsmsoneventchange","timeoutSeconds":60,"environmentVariables":{"FIREBASE_CONFIG":"{\"projectId\":\"dr-snap-4713d\",\"storageBucket\":\"dr-snap-4713d.firebasestorage.app\"}","GCLOUD_PROJECT":"dr-snap-4713d","EVENTARC_CLOUD_EVENT_SOURCE":"projects/dr-snap-4713d/locations/us-central1/services/sendSmsOnEventChange","FUNCTION_SIGNATURE_TYPE":"cloudevent","FUNCTION_TARGET":"sendSmsOnEventChange","LOG_EXECUTION_ID":"true"},"ingressSettings":"ALLOW_ALL","serviceAccountEmail":"895357261382-compute@developer.gserviceaccount.com","availableMemory":"256Mi","maxInstanceRequestConcurrency":80,"availableCpu":"1"},"eventTrigger":{"trigger":"projects/dr-snap-4713d/locations/nam5/triggers/sendsmsoneventchange-509655","triggerRegion":"nam5","eventType":"google.cloud.firestore.document.v1.written","eventFilters":[{"attribute":"database","value":"(default)"},{"attribute":"namespace","value":"(default)"},{"attribute":"document","value":"events/{eventId}","operator":"match-path-pattern"}],"serviceAccountEmail":"895357261382-compute@developer.gserviceaccount.com","retryPolicy":"RETRY_POLICY_DO_NOT_RETRY"},"labels":{"deployment-tool":"cli-firebase","firebase-functions-hash":"c22e3351459bc0bea9885f5a743eabb5a69ca288"},"environment":"GEN_2"},"stages":[{"name":"BUILD","message":"Creating build","state":"IN_PROGRESS","resource":"projects/895357261382/locations/us-central1/builds/aefba116-40e6-4fc5-ab7f-c032d96bff63","resourceUri":"https://console.cloud.google.com/cloud-build/builds;region=us-central1/aefba116-40e6-4fc5-ab7f-c032d96bff63?project=895357261382"},{"name":"SERVICE","state":"NOT_STARTED"},{"name":"TRIGGER","state":"NOT_STARTED"}],"operationType":"CREATE_FUNCTION","buildName":"projects/895357261382/locations/us-central1/builds/aefba116-40e6-4fc5-ab7f-c032d96bff63"},"done":false}
[debug] [2025-02-01T21:22:24.244Z] [create-default-us-central1-sendSmsOnEventChange] Retrying task index 0
[debug] [2025-02-01T21:22:24.245Z] Checked if tokens are valid: true, expires at: 1738446168717
[debug] [2025-02-01T21:22:24.245Z] Checked if tokens are valid: true, expires at: 1738446168717
[debug] [2025-02-01T21:22:24.245Z] >>> [apiv2][query] GET https://cloudfunctions.googleapis.com/v2/projects/dr-snap-4713d/locations/us-central1/operations/operation-1738444941862-62d1b4138a6b9-06bbe8dd-250d409e [none]
[debug] [2025-02-01T21:22:25.068Z] <<< [apiv2][status] GET https://cloudfunctions.googleapis.com/v2/projects/dr-snap-4713d/locations/us-central1/operations/operation-1738444941862-62d1b4138a6b9-06bbe8dd-250d409e 200
[debug] [2025-02-01T21:22:25.068Z] <<< [apiv2][body] GET https://cloudfunctions.googleapis.com/v2/projects/dr-snap-4713d/locations/us-central1/operations/operation-1738444941862-62d1b4138a6b9-06bbe8dd-250d409e {"name":"projects/dr-snap-4713d/locations/us-central1/operations/operation-1738444941862-62d1b4138a6b9-06bbe8dd-250d409e","metadata":{"@type":"type.googleapis.com/google.cloud.functions.v2.OperationMetadata","createTime":"2025-02-01T21:22:22.871593914Z","target":"projects/dr-snap-4713d/locations/us-central1/functions/sendSmsOnEventChange","verb":"create","cancelRequested":false,"apiVersion":"v2","requestResource":{"@type":"type.googleapis.com/google.cloud.functions.v2.Function","name":"projects/dr-snap-4713d/locations/us-central1/functions/sendSmsOnEventChange","buildConfig":{"runtime":"nodejs22","entryPoint":"sendSmsOnEventChange","source":{"storageSource":{"bucket":"gcf-v2-sources-895357261382-us-central1","object":"sendSmsOnEventChange/function-source.zip","generation":"1738444942110409"}},"environmentVariables":{"GOOGLE_NODE_RUN_SCRIPTS":""},"serviceAccount":"projects/dr-snap-4713d/serviceAccounts/895357261382-compute@developer.gserviceaccount.com","automaticUpdatePolicy":{}},"serviceConfig":{"service":"projects/dr-snap-4713d/locations/us-central1/services/sendsmsoneventchange","timeoutSeconds":60,"environmentVariables":{"FIREBASE_CONFIG":"{\"projectId\":\"dr-snap-4713d\",\"storageBucket\":\"dr-snap-4713d.firebasestorage.app\"}","GCLOUD_PROJECT":"dr-snap-4713d","EVENTARC_CLOUD_EVENT_SOURCE":"projects/dr-snap-4713d/locations/us-central1/services/sendSmsOnEventChange","FUNCTION_SIGNATURE_TYPE":"cloudevent","FUNCTION_TARGET":"sendSmsOnEventChange","LOG_EXECUTION_ID":"true"},"ingressSettings":"ALLOW_ALL","serviceAccountEmail":"895357261382-compute@developer.gserviceaccount.com","availableMemory":"256Mi","maxInstanceRequestConcurrency":80,"availableCpu":"1"},"eventTrigger":{"trigger":"projects/dr-snap-4713d/locations/nam5/triggers/sendsmsoneventchange-509655","triggerRegion":"nam5","eventType":"google.cloud.firestore.document.v1.written","eventFilters":[{"attribute":"database","value":"(default)"},{"attribute":"namespace","value":"(default)"},{"attribute":"document","value":"events/{eventId}","operator":"match-path-pattern"}],"serviceAccountEmail":"895357261382-compute@developer.gserviceaccount.com","retryPolicy":"RETRY_POLICY_DO_NOT_RETRY"},"labels":{"deployment-tool":"cli-firebase","firebase-functions-hash":"c22e3351459bc0bea9885f5a743eabb5a69ca288"},"environment":"GEN_2"},"stages":[{"name":"BUILD","message":"Build in progress","state":"IN_PROGRESS","resource":"projects/895357261382/locations/us-central1/builds/aefba116-40e6-4fc5-ab7f-c032d96bff63","resourceUri":"https://console.cloud.google.com/cloud-build/builds;region=us-central1/aefba116-40e6-4fc5-ab7f-c032d96bff63?project=895357261382"},{"name":"SERVICE","state":"NOT_STARTED"},{"name":"TRIGGER","state":"NOT_STARTED"}],"operationType":"CREATE_FUNCTION","buildName":"projects/895357261382/locations/us-central1/builds/aefba116-40e6-4fc5-ab7f-c032d96bff63"},"done":false}
[debug] [2025-02-01T21:22:26.080Z] [create-default-us-central1-sendSmsOnEventChange] Retrying task index 0
[debug] [2025-02-01T21:22:26.081Z] Checked if tokens are valid: true, expires at: 1738446168717
[debug] [2025-02-01T21:22:26.081Z] Checked if tokens are valid: true, expires at: 1738446168717
[debug] [2025-02-01T21:22:26.081Z] >>> [apiv2][query] GET https://cloudfunctions.googleapis.com/v2/projects/dr-snap-4713d/locations/us-central1/operations/operation-1738444941862-62d1b4138a6b9-06bbe8dd-250d409e [none]
[debug] [2025-02-01T21:22:26.826Z] <<< [apiv2][status] GET https://cloudfunctions.googleapis.com/v2/projects/dr-snap-4713d/locations/us-central1/operations/operation-1738444941862-62d1b4138a6b9-06bbe8dd-250d409e 200
[debug] [2025-02-01T21:22:26.826Z] <<< [apiv2][body] GET https://cloudfunctions.googleapis.com/v2/projects/dr-snap-4713d/locations/us-central1/operations/operation-1738444941862-62d1b4138a6b9-06bbe8dd-250d409e {"name":"projects/dr-snap-4713d/locations/us-central1/operations/operation-1738444941862-62d1b4138a6b9-06bbe8dd-250d409e","metadata":{"@type":"type.googleapis.com/google.cloud.functions.v2.OperationMetadata","createTime":"2025-02-01T21:22:22.871593914Z","target":"projects/dr-snap-4713d/locations/us-central1/functions/sendSmsOnEventChange","verb":"create","cancelRequested":false,"apiVersion":"v2","requestResource":{"@type":"type.googleapis.com/google.cloud.functions.v2.Function","name":"projects/dr-snap-4713d/locations/us-central1/functions/sendSmsOnEventChange","buildConfig":{"runtime":"nodejs22","entryPoint":"sendSmsOnEventChange","source":{"storageSource":{"bucket":"gcf-v2-sources-895357261382-us-central1","object":"sendSmsOnEventChange/function-source.zip","generation":"1738444942110409"}},"environmentVariables":{"GOOGLE_NODE_RUN_SCRIPTS":""},"serviceAccount":"projects/dr-snap-4713d/serviceAccounts/895357261382-compute@developer.gserviceaccount.com","automaticUpdatePolicy":{}},"serviceConfig":{"service":"projects/dr-snap-4713d/locations/us-central1/services/sendsmsoneventchange","timeoutSeconds":60,"environmentVariables":{"FIREBASE_CONFIG":"{\"projectId\":\"dr-snap-4713d\",\"storageBucket\":\"dr-snap-4713d.firebasestorage.app\"}","GCLOUD_PROJECT":"dr-snap-4713d","EVENTARC_CLOUD_EVENT_SOURCE":"projects/dr-snap-4713d/locations/us-central1/services/sendSmsOnEventChange","FUNCTION_SIGNATURE_TYPE":"cloudevent","FUNCTION_TARGET":"sendSmsOnEventChange","LOG_EXECUTION_ID":"true"},"ingressSettings":"ALLOW_ALL","serviceAccountEmail":"895357261382-compute@developer.gserviceaccount.com","availableMemory":"256Mi","maxInstanceRequestConcurrency":80,"availableCpu":"1"},"eventTrigger":{"trigger":"projects/dr-snap-4713d/locations/nam5/triggers/sendsmsoneventchange-509655","triggerRegion":"nam5","eventType":"google.cloud.firestore.document.v1.written","eventFilters":[{"attribute":"database","value":"(default)"},{"attribute":"namespace","value":"(default)"},{"attribute":"document","value":"events/{eventId}","operator":"match-path-pattern"}],"serviceAccountEmail":"895357261382-compute@developer.gserviceaccount.com","retryPolicy":"RETRY_POLICY_DO_NOT_RETRY"},"labels":{"deployment-tool":"cli-firebase","firebase-functions-hash":"c22e3351459bc0bea9885f5a743eabb5a69ca288"},"environment":"GEN_2"},"stages":[{"name":"BUILD","message":"Build in progress","state":"IN_PROGRESS","resource":"projects/895357261382/locations/us-central1/builds/aefba116-40e6-4fc5-ab7f-c032d96bff63","resourceUri":"https://console.cloud.google.com/cloud-build/builds;region=us-central1/aefba116-40e6-4fc5-ab7f-c032d96bff63?project=895357261382"},{"name":"SERVICE","state":"NOT_STARTED"},{"name":"TRIGGER","state":"NOT_STARTED"}],"operationType":"CREATE_FUNCTION","buildName":"projects/895357261382/locations/us-central1/builds/aefba116-40e6-4fc5-ab7f-c032d96bff63"},"done":false}
[debug] [2025-02-01T21:22:28.850Z] [create-default-us-central1-sendSmsOnEventChange] Retrying task index 0
[debug] [2025-02-01T21:22:28.851Z] Checked if tokens are valid: true, expires at: 1738446168717
[debug] [2025-02-01T21:22:28.851Z] Checked if tokens are valid: true, expires at: 1738446168717
[debug] [2025-02-01T21:22:28.852Z] >>> [apiv2][query] GET https://cloudfunctions.googleapis.com/v2/projects/dr-snap-4713d/locations/us-central1/operations/operation-1738444941862-62d1b4138a6b9-06bbe8dd-250d409e [none]
[debug] [2025-02-01T21:22:29.068Z] <<< [apiv2][status] GET https://cloudfunctions.googleapis.com/v2/projects/dr-snap-4713d/locations/us-central1/operations/operation-1738444941862-62d1b4138a6b9-06bbe8dd-250d409e 200
[debug] [2025-02-01T21:22:29.069Z] <<< [apiv2][body] GET https://cloudfunctions.googleapis.com/v2/projects/dr-snap-4713d/locations/us-central1/operations/operation-1738444941862-62d1b4138a6b9-06bbe8dd-250d409e {"name":"projects/dr-snap-4713d/locations/us-central1/operations/operation-1738444941862-62d1b4138a6b9-06bbe8dd-250d409e","metadata":{"@type":"type.googleapis.com/google.cloud.functions.v2.OperationMetadata","createTime":"2025-02-01T21:22:22.871593914Z","target":"projects/dr-snap-4713d/locations/us-central1/functions/sendSmsOnEventChange","verb":"create","cancelRequested":false,"apiVersion":"v2","requestResource":{"@type":"type.googleapis.com/google.cloud.functions.v2.Function","name":"projects/dr-snap-4713d/locations/us-central1/functions/sendSmsOnEventChange","buildConfig":{"runtime":"nodejs22","entryPoint":"sendSmsOnEventChange","source":{"storageSource":{"bucket":"gcf-v2-sources-895357261382-us-central1","object":"sendSmsOnEventChange/function-source.zip","generation":"1738444942110409"}},"environmentVariables":{"GOOGLE_NODE_RUN_SCRIPTS":""},"serviceAccount":"projects/dr-snap-4713d/serviceAccounts/895357261382-compute@developer.gserviceaccount.com","automaticUpdatePolicy":{}},"serviceConfig":{"service":"projects/dr-snap-4713d/locations/us-central1/services/sendsmsoneventchange","timeoutSeconds":60,"environmentVariables":{"FIREBASE_CONFIG":"{\"projectId\":\"dr-snap-4713d\",\"storageBucket\":\"dr-snap-4713d.firebasestorage.app\"}","GCLOUD_PROJECT":"dr-snap-4713d","EVENTARC_CLOUD_EVENT_SOURCE":"projects/dr-snap-4713d/locations/us-central1/services/sendSmsOnEventChange","FUNCTION_SIGNATURE_TYPE":"cloudevent","FUNCTION_TARGET":"sendSmsOnEventChange","LOG_EXECUTION_ID":"true"},"ingressSettings":"ALLOW_ALL","serviceAccountEmail":"895357261382-compute@developer.gserviceaccount.com","availableMemory":"256Mi","maxInstanceRequestConcurrency":80,"availableCpu":"1"},"eventTrigger":{"trigger":"projects/dr-snap-4713d/locations/nam5/triggers/sendsmsoneventchange-509655","triggerRegion":"nam5","eventType":"google.cloud.firestore.document.v1.written","eventFilters":[{"attribute":"database","value":"(default)"},{"attribute":"namespace","value":"(default)"},{"attribute":"document","value":"events/{eventId}","operator":"match-path-pattern"}],"serviceAccountEmail":"895357261382-compute@developer.gserviceaccount.com","retryPolicy":"RETRY_POLICY_DO_NOT_RETRY"},"labels":{"deployment-tool":"cli-firebase","firebase-functions-hash":"c22e3351459bc0bea9885f5a743eabb5a69ca288"},"environment":"GEN_2"},"stages":[{"name":"BUILD","message":"Build in progress","state":"IN_PROGRESS","resource":"projects/895357261382/locations/us-central1/builds/aefba116-40e6-4fc5-ab7f-c032d96bff63","resourceUri":"https://console.cloud.google.com/cloud-build/builds;region=us-central1/aefba116-40e6-4fc5-ab7f-c032d96bff63?project=895357261382"},{"name":"SERVICE","state":"NOT_STARTED"},{"name":"TRIGGER","state":"NOT_STARTED"}],"operationType":"CREATE_FUNCTION","buildName":"projects/895357261382/locations/us-central1/builds/aefba116-40e6-4fc5-ab7f-c032d96bff63"},"done":false}
[debug] [2025-02-01T21:22:33.079Z] [create-default-us-central1-sendSmsOnEventChange] Retrying task index 0
[debug] [2025-02-01T21:22:33.079Z] Checked if tokens are valid: true, expires at: 1738446168717
[debug] [2025-02-01T21:22:33.080Z] Checked if tokens are valid: true, expires at: 1738446168717
[debug] [2025-02-01T21:22:33.080Z] >>> [apiv2][query] GET https://cloudfunctions.googleapis.com/v2/projects/dr-snap-4713d/locations/us-central1/operations/operation-1738444941862-62d1b4138a6b9-06bbe8dd-250d409e [none]
[debug] [2025-02-01T21:22:34.413Z] <<< [apiv2][status] GET https://cloudfunctions.googleapis.com/v2/projects/dr-snap-4713d/locations/us-central1/operations/operation-1738444941862-62d1b4138a6b9-06bbe8dd-250d409e 200
[debug] [2025-02-01T21:22:34.413Z] <<< [apiv2][body] GET https://cloudfunctions.googleapis.com/v2/projects/dr-snap-4713d/locations/us-central1/operations/operation-1738444941862-62d1b4138a6b9-06bbe8dd-250d409e {"name":"projects/dr-snap-4713d/locations/us-central1/operations/operation-1738444941862-62d1b4138a6b9-06bbe8dd-250d409e","metadata":{"@type":"type.googleapis.com/google.cloud.functions.v2.OperationMetadata","createTime":"2025-02-01T21:22:22.871593914Z","target":"projects/dr-snap-4713d/locations/us-central1/functions/sendSmsOnEventChange","verb":"create","cancelRequested":false,"apiVersion":"v2","requestResource":{"@type":"type.googleapis.com/google.cloud.functions.v2.Function","name":"projects/dr-snap-4713d/locations/us-central1/functions/sendSmsOnEventChange","buildConfig":{"runtime":"nodejs22","entryPoint":"sendSmsOnEventChange","source":{"storageSource":{"bucket":"gcf-v2-sources-895357261382-us-central1","object":"sendSmsOnEventChange/function-source.zip","generation":"1738444942110409"}},"environmentVariables":{"GOOGLE_NODE_RUN_SCRIPTS":""},"serviceAccount":"projects/dr-snap-4713d/serviceAccounts/895357261382-compute@developer.gserviceaccount.com","automaticUpdatePolicy":{}},"serviceConfig":{"service":"projects/dr-snap-4713d/locations/us-central1/services/sendsmsoneventchange","timeoutSeconds":60,"environmentVariables":{"FIREBASE_CONFIG":"{\"projectId\":\"dr-snap-4713d\",\"storageBucket\":\"dr-snap-4713d.firebasestorage.app\"}","GCLOUD_PROJECT":"dr-snap-4713d","EVENTARC_CLOUD_EVENT_SOURCE":"projects/dr-snap-4713d/locations/us-central1/services/sendSmsOnEventChange","FUNCTION_SIGNATURE_TYPE":"cloudevent","FUNCTION_TARGET":"sendSmsOnEventChange","LOG_EXECUTION_ID":"true"},"ingressSettings":"ALLOW_ALL","serviceAccountEmail":"895357261382-compute@developer.gserviceaccount.com","availableMemory":"256Mi","maxInstanceRequestConcurrency":80,"availableCpu":"1"},"eventTrigger":{"trigger":"projects/dr-snap-4713d/locations/nam5/triggers/sendsmsoneventchange-509655","triggerRegion":"nam5","eventType":"google.cloud.firestore.document.v1.written","eventFilters":[{"attribute":"database","value":"(default)"},{"attribute":"namespace","value":"(default)"},{"attribute":"document","value":"events/{eventId}","operator":"match-path-pattern"}],"serviceAccountEmail":"895357261382-compute@developer.gserviceaccount.com","retryPolicy":"RETRY_POLICY_DO_NOT_RETRY"},"labels":{"deployment-tool":"cli-firebase","firebase-functions-hash":"c22e3351459bc0bea9885f5a743eabb5a69ca288"},"environment":"GEN_2"},"stages":[{"name":"BUILD","message":"Build in progress","state":"IN_PROGRESS","resource":"projects/895357261382/locations/us-central1/builds/aefba116-40e6-4fc5-ab7f-c032d96bff63","resourceUri":"https://console.cloud.google.com/cloud-build/builds;region=us-central1/aefba116-40e6-4fc5-ab7f-c032d96bff63?project=895357261382"},{"name":"SERVICE","state":"NOT_STARTED"},{"name":"TRIGGER","state":"NOT_STARTED"}],"operationType":"CREATE_FUNCTION","buildName":"projects/895357261382/locations/us-central1/builds/aefba116-40e6-4fc5-ab7f-c032d96bff63"},"done":false}
[debug] [2025-02-01T21:22:42.424Z] [create-default-us-central1-sendSmsOnEventChange] Retrying task index 0
[debug] [2025-02-01T21:22:42.424Z] Checked if tokens are valid: true, expires at: 1738446168717
[debug] [2025-02-01T21:22:42.424Z] Checked if tokens are valid: true, expires at: 1738446168717
[debug] [2025-02-01T21:22:42.424Z] >>> [apiv2][query] GET https://cloudfunctions.googleapis.com/v2/projects/dr-snap-4713d/locations/us-central1/operations/operation-1738444941862-62d1b4138a6b9-06bbe8dd-250d409e [none]
[debug] [2025-02-01T21:22:43.392Z] <<< [apiv2][status] GET https://cloudfunctions.googleapis.com/v2/projects/dr-snap-4713d/locations/us-central1/operations/operation-1738444941862-62d1b4138a6b9-06bbe8dd-250d409e 200
[debug] [2025-02-01T21:22:43.393Z] <<< [apiv2][body] GET https://cloudfunctions.googleapis.com/v2/projects/dr-snap-4713d/locations/us-central1/operations/operation-1738444941862-62d1b4138a6b9-06bbe8dd-250d409e {"name":"projects/dr-snap-4713d/locations/us-central1/operations/operation-1738444941862-62d1b4138a6b9-06bbe8dd-250d409e","metadata":{"@type":"type.googleapis.com/google.cloud.functions.v2.OperationMetadata","createTime":"2025-02-01T21:22:22.871593914Z","target":"projects/dr-snap-4713d/locations/us-central1/functions/sendSmsOnEventChange","verb":"create","cancelRequested":false,"apiVersion":"v2","requestResource":{"@type":"type.googleapis.com/google.cloud.functions.v2.Function","name":"projects/dr-snap-4713d/locations/us-central1/functions/sendSmsOnEventChange","buildConfig":{"runtime":"nodejs22","entryPoint":"sendSmsOnEventChange","source":{"storageSource":{"bucket":"gcf-v2-sources-895357261382-us-central1","object":"sendSmsOnEventChange/function-source.zip","generation":"1738444942110409"}},"environmentVariables":{"GOOGLE_NODE_RUN_SCRIPTS":""},"serviceAccount":"projects/dr-snap-4713d/serviceAccounts/895357261382-compute@developer.gserviceaccount.com","automaticUpdatePolicy":{}},"serviceConfig":{"service":"projects/dr-snap-4713d/locations/us-central1/services/sendsmsoneventchange","timeoutSeconds":60,"environmentVariables":{"FIREBASE_CONFIG":"{\"projectId\":\"dr-snap-4713d\",\"storageBucket\":\"dr-snap-4713d.firebasestorage.app\"}","GCLOUD_PROJECT":"dr-snap-4713d","EVENTARC_CLOUD_EVENT_SOURCE":"projects/dr-snap-4713d/locations/us-central1/services/sendSmsOnEventChange","FUNCTION_SIGNATURE_TYPE":"cloudevent","FUNCTION_TARGET":"sendSmsOnEventChange","LOG_EXECUTION_ID":"true"},"ingressSettings":"ALLOW_ALL","serviceAccountEmail":"895357261382-compute@developer.gserviceaccount.com","availableMemory":"256Mi","maxInstanceRequestConcurrency":80,"availableCpu":"1"},"eventTrigger":{"trigger":"projects/dr-snap-4713d/locations/nam5/triggers/sendsmsoneventchange-509655","triggerRegion":"nam5","eventType":"google.cloud.firestore.document.v1.written","eventFilters":[{"attribute":"database","value":"(default)"},{"attribute":"namespace","value":"(default)"},{"attribute":"document","value":"events/{eventId}","operator":"match-path-pattern"}],"serviceAccountEmail":"895357261382-compute@developer.gserviceaccount.com","retryPolicy":"RETRY_POLICY_DO_NOT_RETRY"},"labels":{"deployment-tool":"cli-firebase","firebase-functions-hash":"c22e3351459bc0bea9885f5a743eabb5a69ca288"},"environment":"GEN_2"},"stages":[{"name":"BUILD","message":"Build in progress","state":"IN_PROGRESS","resource":"projects/895357261382/locations/us-central1/builds/aefba116-40e6-4fc5-ab7f-c032d96bff63","resourceUri":"https://console.cloud.google.com/cloud-build/builds;region=us-central1/aefba116-40e6-4fc5-ab7f-c032d96bff63?project=895357261382"},{"name":"SERVICE","state":"NOT_STARTED"},{"name":"TRIGGER","state":"NOT_STARTED"}],"operationType":"CREATE_FUNCTION","buildName":"projects/895357261382/locations/us-central1/builds/aefba116-40e6-4fc5-ab7f-c032d96bff63"},"done":false}
[debug] [2025-02-01T21:22:53.402Z] [create-default-us-central1-sendSmsOnEventChange] Retrying task index 0
[debug] [2025-02-01T21:22:53.412Z] Checked if tokens are valid: true, expires at: 1738446168717
[debug] [2025-02-01T21:22:53.412Z] Checked if tokens are valid: true, expires at: 1738446168717
[debug] [2025-02-01T21:22:53.412Z] >>> [apiv2][query] GET https://cloudfunctions.googleapis.com/v2/projects/dr-snap-4713d/locations/us-central1/operations/operation-1738444941862-62d1b4138a6b9-06bbe8dd-250d409e [none]
[debug] [2025-02-01T21:22:54.224Z] <<< [apiv2][status] GET https://cloudfunctions.googleapis.com/v2/projects/dr-snap-4713d/locations/us-central1/operations/operation-1738444941862-62d1b4138a6b9-06bbe8dd-250d409e 200
[debug] [2025-02-01T21:22:54.224Z] <<< [apiv2][body] GET https://cloudfunctions.googleapis.com/v2/projects/dr-snap-4713d/locations/us-central1/operations/operation-1738444941862-62d1b4138a6b9-06bbe8dd-250d409e {"name":"projects/dr-snap-4713d/locations/us-central1/operations/operation-1738444941862-62d1b4138a6b9-06bbe8dd-250d409e","metadata":{"@type":"type.googleapis.com/google.cloud.functions.v2.OperationMetadata","createTime":"2025-02-01T21:22:22.871593914Z","target":"projects/dr-snap-4713d/locations/us-central1/functions/sendSmsOnEventChange","verb":"create","cancelRequested":false,"apiVersion":"v2","requestResource":{"@type":"type.googleapis.com/google.cloud.functions.v2.Function","name":"projects/dr-snap-4713d/locations/us-central1/functions/sendSmsOnEventChange","buildConfig":{"runtime":"nodejs22","entryPoint":"sendSmsOnEventChange","source":{"storageSource":{"bucket":"gcf-v2-sources-895357261382-us-central1","object":"sendSmsOnEventChange/function-source.zip","generation":"1738444942110409"}},"environmentVariables":{"GOOGLE_NODE_RUN_SCRIPTS":""},"serviceAccount":"projects/dr-snap-4713d/serviceAccounts/895357261382-compute@developer.gserviceaccount.com","automaticUpdatePolicy":{}},"serviceConfig":{"service":"projects/dr-snap-4713d/locations/us-central1/services/sendsmsoneventchange","timeoutSeconds":60,"environmentVariables":{"FIREBASE_CONFIG":"{\"projectId\":\"dr-snap-4713d\",\"storageBucket\":\"dr-snap-4713d.firebasestorage.app\"}","GCLOUD_PROJECT":"dr-snap-4713d","EVENTARC_CLOUD_EVENT_SOURCE":"projects/dr-snap-4713d/locations/us-central1/services/sendSmsOnEventChange","FUNCTION_SIGNATURE_TYPE":"cloudevent","FUNCTION_TARGET":"sendSmsOnEventChange","LOG_EXECUTION_ID":"true"},"ingressSettings":"ALLOW_ALL","serviceAccountEmail":"895357261382-compute@developer.gserviceaccount.com","availableMemory":"256Mi","maxInstanceRequestConcurrency":80,"availableCpu":"1"},"eventTrigger":{"trigger":"projects/dr-snap-4713d/locations/nam5/triggers/sendsmsoneventchange-509655","triggerRegion":"nam5","eventType":"google.cloud.firestore.document.v1.written","eventFilters":[{"attribute":"database","value":"(default)"},{"attribute":"namespace","value":"(default)"},{"attribute":"document","value":"events/{eventId}","operator":"match-path-pattern"}],"serviceAccountEmail":"895357261382-compute@developer.gserviceaccount.com","retryPolicy":"RETRY_POLICY_DO_NOT_RETRY"},"labels":{"deployment-tool":"cli-firebase","firebase-functions-hash":"c22e3351459bc0bea9885f5a743eabb5a69ca288"},"environment":"GEN_2"},"stages":[{"name":"BUILD","message":"Build in progress","state":"IN_PROGRESS","resource":"projects/895357261382/locations/us-central1/builds/aefba116-40e6-4fc5-ab7f-c032d96bff63","resourceUri":"https://console.cloud.google.com/cloud-build/builds;region=us-central1/aefba116-40e6-4fc5-ab7f-c032d96bff63?project=895357261382"},{"name":"SERVICE","state":"NOT_STARTED"},{"name":"TRIGGER","state":"NOT_STARTED"}],"operationType":"CREATE_FUNCTION","buildName":"projects/895357261382/locations/us-central1/builds/aefba116-40e6-4fc5-ab7f-c032d96bff63"},"done":false}
[debug] [2025-02-01T21:23:04.234Z] [create-default-us-central1-sendSmsOnEventChange] Retrying task index 0
[debug] [2025-02-01T21:23:04.237Z] Checked if tokens are valid: true, expires at: 1738446168717
[debug] [2025-02-01T21:23:04.237Z] Checked if tokens are valid: true, expires at: 1738446168717
[debug] [2025-02-01T21:23:04.237Z] >>> [apiv2][query] GET https://cloudfunctions.googleapis.com/v2/projects/dr-snap-4713d/locations/us-central1/operations/operation-1738444941862-62d1b4138a6b9-06bbe8dd-250d409e [none]
[debug] [2025-02-01T21:23:05.113Z] <<< [apiv2][status] GET https://cloudfunctions.googleapis.com/v2/projects/dr-snap-4713d/locations/us-central1/operations/operation-1738444941862-62d1b4138a6b9-06bbe8dd-250d409e 200
[debug] [2025-02-01T21:23:05.113Z] <<< [apiv2][body] GET https://cloudfunctions.googleapis.com/v2/projects/dr-snap-4713d/locations/us-central1/operations/operation-1738444941862-62d1b4138a6b9-06bbe8dd-250d409e {"name":"projects/dr-snap-4713d/locations/us-central1/operations/operation-1738444941862-62d1b4138a6b9-06bbe8dd-250d409e","metadata":{"@type":"type.googleapis.com/google.cloud.functions.v2.OperationMetadata","createTime":"2025-02-01T21:22:22.871593914Z","endTime":"2025-02-01T21:22:59.018613046Z","target":"projects/dr-snap-4713d/locations/us-central1/functions/sendSmsOnEventChange","verb":"create","cancelRequested":false,"apiVersion":"v2","requestResource":{"@type":"type.googleapis.com/google.cloud.functions.v2.Function","name":"projects/dr-snap-4713d/locations/us-central1/functions/sendSmsOnEventChange","buildConfig":{"runtime":"nodejs22","entryPoint":"sendSmsOnEventChange","source":{"storageSource":{"bucket":"gcf-v2-sources-895357261382-us-central1","object":"sendSmsOnEventChange/function-source.zip","generation":"1738444942110409"}},"environmentVariables":{"GOOGLE_NODE_RUN_SCRIPTS":""},"serviceAccount":"projects/dr-snap-4713d/serviceAccounts/895357261382-compute@developer.gserviceaccount.com","automaticUpdatePolicy":{}},"serviceConfig":{"service":"projects/dr-snap-4713d/locations/us-central1/services/sendsmsoneventchange","timeoutSeconds":60,"environmentVariables":{"FIREBASE_CONFIG":"{\"projectId\":\"dr-snap-4713d\",\"storageBucket\":\"dr-snap-4713d.firebasestorage.app\"}","GCLOUD_PROJECT":"dr-snap-4713d","EVENTARC_CLOUD_EVENT_SOURCE":"projects/dr-snap-4713d/locations/us-central1/services/sendSmsOnEventChange","FUNCTION_SIGNATURE_TYPE":"cloudevent","FUNCTION_TARGET":"sendSmsOnEventChange","LOG_EXECUTION_ID":"true"},"ingressSettings":"ALLOW_ALL","serviceAccountEmail":"895357261382-compute@developer.gserviceaccount.com","availableMemory":"256Mi","maxInstanceRequestConcurrency":80,"availableCpu":"1"},"eventTrigger":{"trigger":"projects/dr-snap-4713d/locations/nam5/triggers/sendsmsoneventchange-509655","triggerRegion":"nam5","eventType":"google.cloud.firestore.document.v1.written","eventFilters":[{"attribute":"database","value":"(default)"},{"attribute":"namespace","value":"(default)"},{"attribute":"document","value":"events/{eventId}","operator":"match-path-pattern"}],"serviceAccountEmail":"895357261382-compute@developer.gserviceaccount.com","retryPolicy":"RETRY_POLICY_DO_NOT_RETRY"},"labels":{"deployment-tool":"cli-firebase","firebase-functions-hash":"c22e3351459bc0bea9885f5a743eabb5a69ca288"},"environment":"GEN_2"},"stages":[{"name":"ARTIFACT_REGISTRY","message":"Deleting function artifacts in Artifact Registry","state":"COMPLETE"},{"name":"SERVICE","message":"Deleting Cloud Run service","state":"COMPLETE","resource":"projects/dr-snap-4713d/locations/us-central1/services/sendsmsoneventchange"},{"name":"TRIGGER","message":"Deleting Eventarc trigger","state":"COMPLETE","resource":"projects/dr-snap-4713d/locations/nam5/triggers/sendsmsoneventchange-509655"}],"operationType":"CREATE_FUNCTION"},"done":true,"error":{"code":3,"message":"Build failed with status: FAILURE and message: npm error code EUSAGE\nnpm error\nnpm error `npm ci` can only install packages when your package.json and package-lock.json or npm-shrinkwrap.json are in sync. Please update your lock file with `npm install` before continuing.\nnpm error\nnpm error Missing: axios@1.7.9 from lock file\nnpm error Missing: follow-redirects@1.15.9 from lock file\nnpm error Missing: form-data@4.0.1 from lock file\nnpm error Missing: proxy-from-env@1.1.0 from lock file\nnpm error\nnpm error Clean install a project\nnpm error\nnpm error Usage:\nnpm error npm ci\nnpm error\nnpm error Options:\nnpm error [--install-strategy <hoisted|nested|shallow|linked>] [--legacy-bundling]\nnpm error [--global-style] [--omit <dev|optional|peer> [--omit <dev|optional|peer> ...]]\nnpm error [--include <prod|dev|optional|peer> [--include <prod|dev|optional|peer> ...]]\nnpm error [--strict-peer-deps] [--foreground-scripts] [--ignore-scripts] [--no-audit]\nnpm error [--no-bin-links] [--no-fund] [--dry-run]\nnpm error [-w|--workspace <workspace-name> [-w|--workspace <workspace-name> ...]]\nnpm error [-ws|--workspaces] [--include-workspace-root] [--install-links]\nnpm error\nnpm error aliases: clean-install, ic, install-clean, isntall-clean\nnpm error\nnpm error Run \"npm help ci\" for more info\nnpm error A complete log of this run can be found in: /www-data-home/.npm/_logs/2025-02-01T21_22_41_546Z-debug-0.log. For more details see the logs at https://console.cloud.google.com/cloud-build/builds;region=us-central1/aefba116-40e6-4fc5-ab7f-c032d96bff63?project=895357261382."}}
[debug] [2025-02-01T21:23:05.113Z] Got source token undefined for region us-central1
[error] Build failed with status: FAILURE and message: npm error code EUSAGE
npm error
npm error `npm ci` can only install packages when your package.json and package-lock.json or npm-shrinkwrap.json are in sync. Please update your lock file with `npm install` before continuing.
npm error
npm error Missing: axios@1.7.9 from lock file
npm error Missing: follow-redirects@1.15.9 from lock file
npm error Missing: form-data@4.0.1 from lock file
npm error Missing: proxy-from-env@1.1.0 from lock file
npm error
npm error Clean install a project
npm error
npm error Usage:
npm error npm ci
npm error
npm error Options:
npm error [--install-strategy <hoisted|nested|shallow|linked>] [--legacy-bundling]
npm error [--global-style] [--omit <dev|optional|peer> [--omit <dev|optional|peer> ...]]
npm error [--include <prod|dev|optional|peer> [--include <prod|dev|optional|peer> ...]]
npm error [--strict-peer-deps] [--foreground-scripts] [--ignore-scripts] [--no-audit]
npm error [--no-bin-links] [--no-fund] [--dry-run]
npm error [-w|--workspace <workspace-name> [-w|--workspace <workspace-name> ...]]
npm error [-ws|--workspaces] [--include-workspace-root] [--install-links]
npm error
npm error aliases: clean-install, ic, install-clean, isntall-clean
npm error
npm error Run "npm help ci" for more info
npm error A complete log of this run can be found in: /www-data-home/.npm/_logs/2025-02-01T21_22_41_546Z-debug-0.log. For more details see the logs at https://console.cloud.google.com/cloud-build/builds;region=us-central1/aefba116-40e6-4fc5-ab7f-c032d96bff63?project=895357261382.
[debug] [2025-02-01T21:23:05.122Z] Total Function Deployment time: 43987
[debug] [2025-02-01T21:23:05.122Z] 1 Functions Deployed
[debug] [2025-02-01T21:23:05.122Z] 1 Functions Errored
[debug] [2025-02-01T21:23:05.122Z] 0 Function Deployments Aborted
[debug] [2025-02-01T21:23:05.122Z] Average Function Deployment time: 43986
[info] 
[info] Functions deploy had errors with the following functions:
	sendSmsOnEventChange(us-central1)
[info] i  functions: cleaning up build files... 
[debug] [2025-02-01T21:23:05.303Z] Checked if tokens are valid: true, expires at: 1738446168717
[debug] [2025-02-01T21:23:05.303Z] Checked if tokens are valid: true, expires at: 1738446168717
[debug] [2025-02-01T21:23:05.303Z] Checked if tokens are valid: true, expires at: 1738446168717
[debug] [2025-02-01T21:23:05.303Z] Checked if tokens are valid: true, expires at: 1738446168717
[debug] [2025-02-01T21:23:05.303Z] >>> [apiv2][query] DELETE https://artifactregistry.googleapis.com/v1beta2/projects/dr-snap-4713d/locations/us-central1/repositories/gcf-artifacts/packages/send_sms_on_event_change [none]
[debug] [2025-02-01T21:23:05.304Z] >>> [apiv2][query] GET https://us.gcr.io/v2/dr-snap-4713d/gcf/us-central1/tags/list [none]
[debug] [2025-02-01T21:23:05.846Z] <<< [apiv2][status] GET https://us.gcr.io/v2/dr-snap-4713d/gcf/us-central1/tags/list 404
[debug] [2025-02-01T21:23:05.846Z] <<< [apiv2][body] GET https://us.gcr.io/v2/dr-snap-4713d/gcf/us-central1/tags/list {"errors":[{"code":"NAME_UNKNOWN","message":"Repository \"us.gcr.io\" not found"}]}
[debug] [2025-02-01T21:23:05.847Z] Failed docker command with error  Request to https://us.gcr.io/v2/dr-snap-4713d/gcf/us-central1/tags/list had HTTP Error: 404, Not Found {"name":"FirebaseError","children":[],"context":{"body":{"errors":[{"code":"NAME_UNKNOWN","message":"Repository \"us.gcr.io\" not found"}],"error":{"message":"Not Found"}},"response":{"statusCode":404}},"exit":1,"message":"Request to https://us.gcr.io/v2/dr-snap-4713d/gcf/us-central1/tags/list had HTTP Error: 404, Not Found","status":404}
[debug] [2025-02-01T21:23:05.848Z] Checked if tokens are valid: true, expires at: 1738446168717
[debug] [2025-02-01T21:23:05.848Z] Checked if tokens are valid: true, expires at: 1738446168717
[debug] [2025-02-01T21:23:05.848Z] >>> [apiv2][query] GET https://us.gcr.io/v2/dr-snap-4713d/gcf/us-central1/tags/list [none]
[debug] [2025-02-01T21:23:06.221Z] <<< [apiv2][status] GET https://us.gcr.io/v2/dr-snap-4713d/gcf/us-central1/tags/list 404
[debug] [2025-02-01T21:23:06.221Z] <<< [apiv2][body] GET https://us.gcr.io/v2/dr-snap-4713d/gcf/us-central1/tags/list {"errors":[{"code":"NAME_UNKNOWN","message":"Repository \"us.gcr.io\" not found"}]}
[debug] [2025-02-01T21:23:06.221Z] Failed docker command with error  Request to https://us.gcr.io/v2/dr-snap-4713d/gcf/us-central1/tags/list had HTTP Error: 404, Not Found {"name":"FirebaseError","children":[],"context":{"body":{"errors":[{"code":"NAME_UNKNOWN","message":"Repository \"us.gcr.io\" not found"}],"error":{"message":"Not Found"}},"response":{"statusCode":404}},"exit":1,"message":"Request to https://us.gcr.io/v2/dr-snap-4713d/gcf/us-central1/tags/list had HTTP Error: 404, Not Found","status":404}
[debug] [2025-02-01T21:23:06.231Z] <<< [apiv2][status] DELETE https://artifactregistry.googleapis.com/v1beta2/projects/dr-snap-4713d/locations/us-central1/repositories/gcf-artifacts/packages/send_sms_on_event_change 404
[debug] [2025-02-01T21:23:06.231Z] <<< [apiv2][body] DELETE https://artifactregistry.googleapis.com/v1beta2/projects/dr-snap-4713d/locations/us-central1/repositories/gcf-artifacts/packages/send_sms_on_event_change {"error":{"code":404,"message":"Package \"projects/dr-snap-4713d/locations/us-central1/repositories/gcf-artifacts/packages/send_sms_on_event_change\" was not found.","status":"NOT_FOUND"}}
[debug] [2025-02-01T21:23:06.332Z] Checked if tokens are valid: true, expires at: 1738446168717
[debug] [2025-02-01T21:23:06.332Z] Checked if tokens are valid: true, expires at: 1738446168717
[debug] [2025-02-01T21:23:06.332Z] >>> [apiv2][query] GET https://us.gcr.io/v2/dr-snap-4713d/gcf/us-central1/tags/list [none]
[debug] [2025-02-01T21:23:06.612Z] <<< [apiv2][status] GET https://us.gcr.io/v2/dr-snap-4713d/gcf/us-central1/tags/list 404
[debug] [2025-02-01T21:23:06.612Z] <<< [apiv2][body] GET https://us.gcr.io/v2/dr-snap-4713d/gcf/us-central1/tags/list {"errors":[{"code":"NAME_UNKNOWN","message":"Repository \"us.gcr.io\" not found"}]}
[debug] [2025-02-01T21:23:06.612Z] Failed docker command with error  Request to https://us.gcr.io/v2/dr-snap-4713d/gcf/us-central1/tags/list had HTTP Error: 404, Not Found {"name":"FirebaseError","children":[],"context":{"body":{"errors":[{"code":"NAME_UNKNOWN","message":"Repository \"us.gcr.io\" not found"}],"error":{"message":"Not Found"}},"response":{"statusCode":404}},"exit":1,"message":"Request to https://us.gcr.io/v2/dr-snap-4713d/gcf/us-central1/tags/list had HTTP Error: 404, Not Found","status":404}
[warn] !  functions: Unhandled error cleaning up build images. This could result in a small monthly bill if not corrected. You can attempt to delete these images by redeploying or you can delete them manually at https://console.cloud.google.com/gcr/images/dr-snap-4713d/us/gcf 
[debug] [2025-02-01T21:23:06.614Z] Functions deploy failed.
[debug] [2025-02-01T21:23:06.614Z] {
  "endpoint": {
    "id": "sendSmsOnEventChange",
    "project": "dr-snap-4713d",
    "region": "us-central1",
    "entryPoint": "sendSmsOnEventChange",
    "platform": "gcfv2",
    "runtime": "nodejs22",
    "eventTrigger": {
      "eventType": "google.cloud.firestore.document.v1.written",
      "retry": false,
      "eventFilters": {
        "database": "(default)",
        "namespace": "(default)"
      },
      "eventFilterPathPatterns": {
        "document": "events/{eventId}"
      },
      "region": "nam5"
    },
    "labels": {
      "deployment-tool": "cli-firebase"
    },
    "ingressSettings": null,
    "availableMemoryMb": null,
    "serviceAccount": null,
    "timeoutSeconds": null,
    "maxInstances": null,
    "minInstances": null,
    "concurrency": 80,
    "vpc": null,
    "environmentVariables": {
      "FIREBASE_CONFIG": "{\"projectId\":\"dr-snap-4713d\",\"storageBucket\":\"dr-snap-4713d.firebasestorage.app\"}",
      "GCLOUD_PROJECT": "dr-snap-4713d",
      "EVENTARC_CLOUD_EVENT_SOURCE": "projects/dr-snap-4713d/locations/us-central1/services/sendSmsOnEventChange"
    },
    "codebase": "default",
    "cpu": 1,
    "targetedByOnly": true,
    "hash": "c22e3351459bc0bea9885f5a743eabb5a69ca288"
  },
  "op": "create",
  "original": {
    "name": "FirebaseError",
    "children": [],
    "exit": 1,
    "message": "Build failed with status: FAILURE and message: npm error code EUSAGE\nnpm error\nnpm error `npm ci` can only install packages when your package.json and package-lock.json or npm-shrinkwrap.json are in sync. Please update your lock file with `npm install` before continuing.\nnpm error\nnpm error Missing: axios@1.7.9 from lock file\nnpm error Missing: follow-redirects@1.15.9 from lock file\nnpm error Missing: form-data@4.0.1 from lock file\nnpm error Missing: proxy-from-env@1.1.0 from lock file\nnpm error\nnpm error Clean install a project\nnpm error\nnpm error Usage:\nnpm error npm ci\nnpm error\nnpm error Options:\nnpm error [--install-strategy <hoisted|nested|shallow|linked>] [--legacy-bundling]\nnpm error [--global-style] [--omit <dev|optional|peer> [--omit <dev|optional|peer> ...]]\nnpm error [--include <prod|dev|optional|peer> [--include <prod|dev|optional|peer> ...]]\nnpm error [--strict-peer-deps] [--foreground-scripts] [--ignore-scripts] [--no-audit]\nnpm error [--no-bin-links] [--no-fund] [--dry-run]\nnpm error [-w|--workspace <workspace-name> [-w|--workspace <workspace-name> ...]]\nnpm error [-ws|--workspaces] [--include-workspace-root] [--install-links]\nnpm error\nnpm error aliases: clean-install, ic, install-clean, isntall-clean\nnpm error\nnpm error Run \"npm help ci\" for more info\nnpm error A complete log of this run can be found in: /www-data-home/.npm/_logs/2025-02-01T21_22_41_546Z-debug-0.log. For more details see the logs at https://console.cloud.google.com/cloud-build/builds;region=us-central1/aefba116-40e6-4fc5-ab7f-c032d96bff63?project=895357261382.",
    "original": {
      "code": 3,
      "message": "Build failed with status: FAILURE and message: npm error code EUSAGE\nnpm error\nnpm error `npm ci` can only install packages when your package.json and package-lock.json or npm-shrinkwrap.json are in sync. Please update your lock file with `npm install` before continuing.\nnpm error\nnpm error Missing: axios@1.7.9 from lock file\nnpm error Missing: follow-redirects@1.15.9 from lock file\nnpm error Missing: form-data@4.0.1 from lock file\nnpm error Missing: proxy-from-env@1.1.0 from lock file\nnpm error\nnpm error Clean install a project\nnpm error\nnpm error Usage:\nnpm error npm ci\nnpm error\nnpm error Options:\nnpm error [--install-strategy <hoisted|nested|shallow|linked>] [--legacy-bundling]\nnpm error [--global-style] [--omit <dev|optional|peer> [--omit <dev|optional|peer> ...]]\nnpm error [--include <prod|dev|optional|peer> [--include <prod|dev|optional|peer> ...]]\nnpm error [--strict-peer-deps] [--foreground-scripts] [--ignore-scripts] [--no-audit]\nnpm error [--no-bin-links] [--no-fund] [--dry-run]\nnpm error [-w|--workspace <workspace-name> [-w|--workspace <workspace-name> ...]]\nnpm error [-ws|--workspaces] [--include-workspace-root] [--install-links]\nnpm error\nnpm error aliases: clean-install, ic, install-clean, isntall-clean\nnpm error\nnpm error Run \"npm help ci\" for more info\nnpm error A complete log of this run can be found in: /www-data-home/.npm/_logs/2025-02-01T21_22_41_546Z-debug-0.log. For more details see the logs at https://console.cloud.google.com/cloud-build/builds;region=us-central1/aefba116-40e6-4fc5-ab7f-c032d96bff63?project=895357261382."
    },
    "status": 3,
    "code": 3
  }
}
[debug] [2025-02-01T21:23:06.700Z] Error: Failed to create function sendSmsOnEventChange in region us-central1
    at C:\Users\david\AppData\Roaming\npm\node_modules\firebase-tools\lib\deploy\functions\release\fabricator.js:294:27
    at process.processTicksAndRejections (node:internal/process/task_queues:95:5)
    at async Fabricator.createV2Function (C:\Users\david\AppData\Roaming\npm\node_modules\firebase-tools\lib\deploy\functions\release\fabricator.js:278:30)
    at async Fabricator.createEndpoint (C:\Users\david\AppData\Roaming\npm\node_modules\firebase-tools\lib\deploy\functions\release\fabricator.js:137:13)
    at async handle (C:\Users\david\AppData\Roaming\npm\node_modules\firebase-tools\lib\deploy\functions\release\fabricator.js:89:17)
[error] 
[error] Error: There was an error deploying functions
